<?xml version="1.0" encoding="UTF-8"?>
<!-- Generated by org.testng.reporters.JUnitReportReporter -->
<testsuite hostname="LAPTOP-D45T86MK" failures="0" tests="1" name="testCases.TC002_LoginTest" time="1.582" errors="0" timestamp="2025-03-23T19:27:12 IST" skipped="0">
  <testcase classname="testCases.TC002_LoginTest" name="verify_login" time="1.582"/>
</testsuite> <!-- testCases.TC002_LoginTest -->
