<?xml version="1.0" encoding="UTF-8"?>
<!-- Generated by org.testng.reporters.JUnitReportReporter -->
<testsuite hostname="LAPTOP-D45T86MK" failures="0" tests="1" name="testCases.TC001_AccountRegistrationTest" time="3.972" errors="0" timestamp="2025-03-23T19:27:12 IST" skipped="0">
  <testcase classname="testCases.TC001_AccountRegistrationTest" name="verify_account_registration" time="3.972"/>
</testsuite> <!-- testCases.TC001_AccountRegistrationTest -->
