<?xml version="1.0" encoding="UTF-8"?>
<!-- Generated by org.testng.reporters.JUnitReportReporter -->
<testsuite hostname="LAPTOP-D45T86MK" failures="0" tests="1" name="testBase.TC001_AccountRegistrationTest" time="3.824" errors="0" timestamp="2025-03-02T15:34:25 IST" skipped="0">
  <testcase classname="testBase.TC001_AccountRegistrationTest" name="verify_account_registration" time="3.824"/>
</testsuite> <!-- testBase.TC001_AccountRegistrationTest -->
